<?xml version="1.0" encoding="UTF-8"?>
<!-- Generated by org.testng.reporters.JUnitReportReporter -->
<testsuite skipped="0" hostname="DESKTOP-8VM5413" name="TestNG.addbook" tests="1" failures="0" timestamp="02 Feb 2019 03:24:28 GMT" time="11.219" errors="0">
  <testcase name="verifyaddbook" time="11.219" classname="TestNG.addbook"/>
</testsuite> <!-- TestNG.addbook -->
